[3.390s] Invoking command in '/home/fillipg/UR-Prosjekt/build/robot_control': DEBUGINFOD_URLS=https://debuginfod.ubuntu.com PYTHONPATH=/home/fillipg/UR-Prosjekt/build/robot_control/prefix_override:/usr/lib/python3/dist-packages/colcon_core/task/python/colcon_distutils_commands:/home/fillipg/UR-Prosjekt/install/robot_control/lib/python3.12/site-packages:${PYTHONPATH} /usr/bin/python3 -W ignore:setup.py install is deprecated -W ignore:easy_install command is deprecated setup.py develop --editable --build-directory /home/fillipg/UR-Prosjekt/build/robot_control/build --no-deps symlink_data
[3.967s] running develop
[4.280s] running egg_info
[4.280s] creating robot_control.egg-info
[4.307s] writing robot_control.egg-info/PKG-INFO
[4.308s] writing dependency_links to robot_control.egg-info/dependency_links.txt
[4.308s] writing requirements to robot_control.egg-info/requires.txt
[4.308s] writing top-level names to robot_control.egg-info/top_level.txt
[4.309s] writing manifest file 'robot_control.egg-info/SOURCES.txt'
[4.376s] reading manifest file 'robot_control.egg-info/SOURCES.txt'
[4.376s] writing manifest file 'robot_control.egg-info/SOURCES.txt'
[4.409s] running build_ext
[4.410s] Creating /home/fillipg/UR-Prosjekt/install/robot_control/lib/python3.12/site-packages/robot-control.egg-link (link to .)
[4.411s] 
[4.412s] Installed /home/fillipg/UR-Prosjekt/build/robot_control
[4.412s] running symlink_data
[4.412s] creating /home/fillipg/UR-Prosjekt/install/robot_control/share/ament_index
[4.415s] creating /home/fillipg/UR-Prosjekt/install/robot_control/share/ament_index/resource_index
[4.416s] creating /home/fillipg/UR-Prosjekt/install/robot_control/share/ament_index/resource_index/packages
[4.417s] symbolically linking /home/fillipg/UR-Prosjekt/build/robot_control/resource/robot_control -> /home/fillipg/UR-Prosjekt/install/robot_control/share/ament_index/resource_index/packages
[4.419s] symbolically linking /home/fillipg/UR-Prosjekt/build/robot_control/package.xml -> /home/fillipg/UR-Prosjekt/install/robot_control/share/robot_control
[4.583s] Invoked command in '/home/fillipg/UR-Prosjekt/build/robot_control' returned '0': DEBUGINFOD_URLS=https://debuginfod.ubuntu.com PYTHONPATH=/home/fillipg/UR-Prosjekt/build/robot_control/prefix_override:/usr/lib/python3/dist-packages/colcon_core/task/python/colcon_distutils_commands:/home/fillipg/UR-Prosjekt/install/robot_control/lib/python3.12/site-packages:${PYTHONPATH} /usr/bin/python3 -W ignore:setup.py install is deprecated -W ignore:easy_install command is deprecated setup.py develop --editable --build-directory /home/fillipg/UR-Prosjekt/build/robot_control/build --no-deps symlink_data
