[0.323s] DEBUG:colcon:Command line arguments: ['/usr/bin/colcon', 'build', '--symlink-install']
[0.323s] DEBUG:colcon:Parsed command line arguments: Namespace(log_base=None, log_level=None, verb_name='build', build_base='build', install_base='install', merge_install=False, symlink_install=True, test_result_base=None, continue_on_error=False, executor='parallel', parallel_workers=8, event_handlers=None, ignore_user_meta=False, metas=['./colcon.meta'], base_paths=['.'], packages_ignore=None, packages_ignore_regex=None, paths=None, packages_up_to=None, packages_up_to_regex=None, packages_above=None, packages_above_and_dependencies=None, packages_above_depth=None, packages_select_by_dep=None, packages_skip_by_dep=None, packages_skip_up_to=None, packages_select_build_failed=False, packages_skip_build_finished=False, packages_select_test_failures=False, packages_skip_test_passed=False, packages_select=None, packages_skip=None, packages_select_regex=None, packages_skip_regex=None, packages_start=None, packages_end=None, allow_overriding=[], cmake_args=None, cmake_target=None, cmake_target_skip_unavailable=False, cmake_clean_cache=False, cmake_clean_first=False, cmake_force_configure=False, ament_cmake_args=None, catkin_cmake_args=None, catkin_skip_building_tests=False, verb_parser=<colcon_defaults.argument_parser.defaults.DefaultArgumentsDecorator object at 0x774fde784050>, verb_extension=<colcon_core.verb.build.BuildVerb object at 0x774fde75bc80>, main=<bound method BuildVerb.main of <colcon_core.verb.build.BuildVerb object at 0x774fde75bc80>>)
[0.389s] Level 1:colcon.colcon_core.package_discovery:discover_packages(colcon_meta) check parameters
[0.389s] Level 1:colcon.colcon_core.package_discovery:discover_packages(recursive) check parameters
[0.389s] Level 1:colcon.colcon_core.package_discovery:discover_packages(ignore) check parameters
[0.390s] Level 1:colcon.colcon_core.package_discovery:discover_packages(path) check parameters
[0.390s] Level 1:colcon.colcon_core.package_discovery:discover_packages(colcon_meta) discover
[0.390s] Level 1:colcon.colcon_core.package_discovery:discover_packages(recursive) discover
[0.390s] INFO:colcon.colcon_core.package_discovery:Crawling recursively for packages in '/home/fillipg/UR-Prosjekt'
[0.390s] Level 1:colcon.colcon_core.package_identification:_identify(.) by extensions ['ignore', 'ignore_ament_install']
[0.390s] Level 1:colcon.colcon_core.package_identification:_identify(.) by extension 'ignore'
[0.390s] Level 1:colcon.colcon_core.package_identification:_identify(.) by extension 'ignore_ament_install'
[0.390s] Level 1:colcon.colcon_core.package_identification:_identify(.) by extensions ['colcon_pkg']
[0.390s] Level 1:colcon.colcon_core.package_identification:_identify(.) by extension 'colcon_pkg'
[0.390s] Level 1:colcon.colcon_core.package_identification:_identify(.) by extensions ['colcon_meta']
[0.390s] Level 1:colcon.colcon_core.package_identification:_identify(.) by extension 'colcon_meta'
[0.390s] Level 1:colcon.colcon_core.package_identification:_identify(.) by extensions ['ros']
[0.390s] Level 1:colcon.colcon_core.package_identification:_identify(.) by extension 'ros'
[0.429s] Level 1:colcon.colcon_core.package_identification:_identify(.) by extensions ['cmake', 'python']
[0.429s] Level 1:colcon.colcon_core.package_identification:_identify(.) by extension 'cmake'
[0.429s] Level 1:colcon.colcon_core.package_identification:_identify(.) by extension 'python'
[0.430s] Level 1:colcon.colcon_core.package_identification:_identify(.) by extensions ['python_setup_py']
[0.430s] Level 1:colcon.colcon_core.package_identification:_identify(.) by extension 'python_setup_py'
[0.430s] Level 1:colcon.colcon_core.package_identification:_identify(build) by extensions ['ignore', 'ignore_ament_install']
[0.430s] Level 1:colcon.colcon_core.package_identification:_identify(build) by extension 'ignore'
[0.430s] Level 1:colcon.colcon_core.package_identification:_identify(build) ignored
[0.430s] Level 1:colcon.colcon_core.package_identification:_identify(install) by extensions ['ignore', 'ignore_ament_install']
[0.430s] Level 1:colcon.colcon_core.package_identification:_identify(install) by extension 'ignore'
[0.430s] Level 1:colcon.colcon_core.package_identification:_identify(install) ignored
[0.430s] Level 1:colcon.colcon_core.package_identification:_identify(log) by extensions ['ignore', 'ignore_ament_install']
[0.430s] Level 1:colcon.colcon_core.package_identification:_identify(log) by extension 'ignore'
[0.430s] Level 1:colcon.colcon_core.package_identification:_identify(log) ignored
[0.430s] Level 1:colcon.colcon_core.package_identification:_identify(src) by extensions ['ignore', 'ignore_ament_install']
[0.430s] Level 1:colcon.colcon_core.package_identification:_identify(src) by extension 'ignore'
[0.431s] Level 1:colcon.colcon_core.package_identification:_identify(src) by extension 'ignore_ament_install'
[0.431s] Level 1:colcon.colcon_core.package_identification:_identify(src) by extensions ['colcon_pkg']
[0.431s] Level 1:colcon.colcon_core.package_identification:_identify(src) by extension 'colcon_pkg'
[0.431s] Level 1:colcon.colcon_core.package_identification:_identify(src) by extensions ['colcon_meta']
[0.431s] Level 1:colcon.colcon_core.package_identification:_identify(src) by extension 'colcon_meta'
[0.431s] Level 1:colcon.colcon_core.package_identification:_identify(src) by extensions ['ros']
[0.431s] Level 1:colcon.colcon_core.package_identification:_identify(src) by extension 'ros'
[0.431s] Level 1:colcon.colcon_core.package_identification:_identify(src) by extensions ['cmake', 'python']
[0.431s] Level 1:colcon.colcon_core.package_identification:_identify(src) by extension 'cmake'
[0.431s] Level 1:colcon.colcon_core.package_identification:_identify(src) by extension 'python'
[0.431s] Level 1:colcon.colcon_core.package_identification:_identify(src) by extensions ['python_setup_py']
[0.431s] Level 1:colcon.colcon_core.package_identification:_identify(src) by extension 'python_setup_py'
[0.431s] Level 1:colcon.colcon_core.package_identification:_identify(src/cube_vision) by extensions ['ignore', 'ignore_ament_install']
[0.431s] Level 1:colcon.colcon_core.package_identification:_identify(src/cube_vision) by extension 'ignore'
[0.431s] Level 1:colcon.colcon_core.package_identification:_identify(src/cube_vision) by extension 'ignore_ament_install'
[0.432s] Level 1:colcon.colcon_core.package_identification:_identify(src/cube_vision) by extensions ['colcon_pkg']
[0.432s] Level 1:colcon.colcon_core.package_identification:_identify(src/cube_vision) by extension 'colcon_pkg'
[0.432s] Level 1:colcon.colcon_core.package_identification:_identify(src/cube_vision) by extensions ['colcon_meta']
[0.432s] Level 1:colcon.colcon_core.package_identification:_identify(src/cube_vision) by extension 'colcon_meta'
[0.432s] Level 1:colcon.colcon_core.package_identification:_identify(src/cube_vision) by extensions ['ros']
[0.432s] Level 1:colcon.colcon_core.package_identification:_identify(src/cube_vision) by extension 'ros'
[0.435s] DEBUG:colcon.colcon_core.package_identification:Package 'src/cube_vision' with type 'ros.ament_python' and name 'cube_vision'
[0.436s] Level 1:colcon.colcon_core.package_identification:_identify(src/robot_control) by extensions ['ignore', 'ignore_ament_install']
[0.436s] Level 1:colcon.colcon_core.package_identification:_identify(src/robot_control) by extension 'ignore'
[0.436s] Level 1:colcon.colcon_core.package_identification:_identify(src/robot_control) by extension 'ignore_ament_install'
[0.436s] Level 1:colcon.colcon_core.package_identification:_identify(src/robot_control) by extensions ['colcon_pkg']
[0.436s] Level 1:colcon.colcon_core.package_identification:_identify(src/robot_control) by extension 'colcon_pkg'
[0.436s] Level 1:colcon.colcon_core.package_identification:_identify(src/robot_control) by extensions ['colcon_meta']
[0.436s] Level 1:colcon.colcon_core.package_identification:_identify(src/robot_control) by extension 'colcon_meta'
[0.436s] Level 1:colcon.colcon_core.package_identification:_identify(src/robot_control) by extensions ['ros']
[0.436s] Level 1:colcon.colcon_core.package_identification:_identify(src/robot_control) by extension 'ros'
[0.437s] DEBUG:colcon.colcon_core.package_identification:Package 'src/robot_control' with type 'ros.ament_python' and name 'robot_control'
[0.437s] Level 1:colcon.colcon_core.package_identification:_identify(src/ur_project_bringup) by extensions ['ignore', 'ignore_ament_install']
[0.437s] Level 1:colcon.colcon_core.package_identification:_identify(src/ur_project_bringup) by extension 'ignore'
[0.437s] Level 1:colcon.colcon_core.package_identification:_identify(src/ur_project_bringup) by extension 'ignore_ament_install'
[0.437s] Level 1:colcon.colcon_core.package_identification:_identify(src/ur_project_bringup) by extensions ['colcon_pkg']
[0.438s] Level 1:colcon.colcon_core.package_identification:_identify(src/ur_project_bringup) by extension 'colcon_pkg'
[0.438s] Level 1:colcon.colcon_core.package_identification:_identify(src/ur_project_bringup) by extensions ['colcon_meta']
[0.438s] Level 1:colcon.colcon_core.package_identification:_identify(src/ur_project_bringup) by extension 'colcon_meta'
[0.438s] Level 1:colcon.colcon_core.package_identification:_identify(src/ur_project_bringup) by extensions ['ros']
[0.438s] Level 1:colcon.colcon_core.package_identification:_identify(src/ur_project_bringup) by extension 'ros'
[0.438s] DEBUG:colcon.colcon_core.package_identification:Package 'src/ur_project_bringup' with type 'ros.ament_cmake' and name 'ur_project_bringup'
[0.438s] Level 1:colcon.colcon_core.package_discovery:discover_packages(recursive) using defaults
[0.438s] Level 1:colcon.colcon_core.package_discovery:discover_packages(ignore) discover
[0.438s] Level 1:colcon.colcon_core.package_discovery:discover_packages(ignore) using defaults
[0.438s] Level 1:colcon.colcon_core.package_discovery:discover_packages(path) discover
[0.439s] Level 1:colcon.colcon_core.package_discovery:discover_packages(path) using defaults
[0.468s] Level 1:colcon.colcon_core.package_discovery:discover_packages(prefix_path) check parameters
[0.469s] Level 1:colcon.colcon_core.package_discovery:discover_packages(prefix_path) discover
[0.476s] DEBUG:colcon.colcon_installed_package_information.package_discovery:Found 12 installed packages in /home/fillipg/AIS2105_ws/install
[0.480s] DEBUG:colcon.colcon_installed_package_information.package_discovery:Found 387 installed packages in /opt/ros/jazzy
[0.484s] Level 1:colcon.colcon_core.package_discovery:discover_packages(prefix_path) using defaults
[0.548s] Level 5:colcon.colcon_core.verb:set package 'cube_vision' build argument 'cmake_args' from command line to 'None'
[0.548s] Level 5:colcon.colcon_core.verb:set package 'cube_vision' build argument 'cmake_target' from command line to 'None'
[0.548s] Level 5:colcon.colcon_core.verb:set package 'cube_vision' build argument 'cmake_target_skip_unavailable' from command line to 'False'
[0.548s] Level 5:colcon.colcon_core.verb:set package 'cube_vision' build argument 'cmake_clean_cache' from command line to 'False'
[0.548s] Level 5:colcon.colcon_core.verb:set package 'cube_vision' build argument 'cmake_clean_first' from command line to 'False'
[0.548s] Level 5:colcon.colcon_core.verb:set package 'cube_vision' build argument 'cmake_force_configure' from command line to 'False'
[0.548s] Level 5:colcon.colcon_core.verb:set package 'cube_vision' build argument 'ament_cmake_args' from command line to 'None'
[0.548s] Level 5:colcon.colcon_core.verb:set package 'cube_vision' build argument 'catkin_cmake_args' from command line to 'None'
[0.548s] Level 5:colcon.colcon_core.verb:set package 'cube_vision' build argument 'catkin_skip_building_tests' from command line to 'False'
[0.548s] DEBUG:colcon.colcon_core.verb:Building package 'cube_vision' with the following arguments: {'ament_cmake_args': None, 'build_base': '/home/fillipg/UR-Prosjekt/build/cube_vision', 'catkin_cmake_args': None, 'catkin_skip_building_tests': False, 'cmake_args': None, 'cmake_clean_cache': False, 'cmake_clean_first': False, 'cmake_force_configure': False, 'cmake_target': None, 'cmake_target_skip_unavailable': False, 'install_base': '/home/fillipg/UR-Prosjekt/install/cube_vision', 'merge_install': False, 'path': '/home/fillipg/UR-Prosjekt/src/cube_vision', 'symlink_install': True, 'test_result_base': None}
[0.549s] Level 5:colcon.colcon_core.verb:set package 'robot_control' build argument 'cmake_args' from command line to 'None'
[0.549s] Level 5:colcon.colcon_core.verb:set package 'robot_control' build argument 'cmake_target' from command line to 'None'
[0.549s] Level 5:colcon.colcon_core.verb:set package 'robot_control' build argument 'cmake_target_skip_unavailable' from command line to 'False'
[0.549s] Level 5:colcon.colcon_core.verb:set package 'robot_control' build argument 'cmake_clean_cache' from command line to 'False'
[0.549s] Level 5:colcon.colcon_core.verb:set package 'robot_control' build argument 'cmake_clean_first' from command line to 'False'
[0.549s] Level 5:colcon.colcon_core.verb:set package 'robot_control' build argument 'cmake_force_configure' from command line to 'False'
[0.549s] Level 5:colcon.colcon_core.verb:set package 'robot_control' build argument 'ament_cmake_args' from command line to 'None'
[0.549s] Level 5:colcon.colcon_core.verb:set package 'robot_control' build argument 'catkin_cmake_args' from command line to 'None'
[0.549s] Level 5:colcon.colcon_core.verb:set package 'robot_control' build argument 'catkin_skip_building_tests' from command line to 'False'
[0.549s] DEBUG:colcon.colcon_core.verb:Building package 'robot_control' with the following arguments: {'ament_cmake_args': None, 'build_base': '/home/fillipg/UR-Prosjekt/build/robot_control', 'catkin_cmake_args': None, 'catkin_skip_building_tests': False, 'cmake_args': None, 'cmake_clean_cache': False, 'cmake_clean_first': False, 'cmake_force_configure': False, 'cmake_target': None, 'cmake_target_skip_unavailable': False, 'install_base': '/home/fillipg/UR-Prosjekt/install/robot_control', 'merge_install': False, 'path': '/home/fillipg/UR-Prosjekt/src/robot_control', 'symlink_install': True, 'test_result_base': None}
[0.549s] Level 5:colcon.colcon_core.verb:set package 'ur_project_bringup' build argument 'cmake_args' from command line to 'None'
[0.549s] Level 5:colcon.colcon_core.verb:set package 'ur_project_bringup' build argument 'cmake_target' from command line to 'None'
[0.549s] Level 5:colcon.colcon_core.verb:set package 'ur_project_bringup' build argument 'cmake_target_skip_unavailable' from command line to 'False'
[0.549s] Level 5:colcon.colcon_core.verb:set package 'ur_project_bringup' build argument 'cmake_clean_cache' from command line to 'False'
[0.549s] Level 5:colcon.colcon_core.verb:set package 'ur_project_bringup' build argument 'cmake_clean_first' from command line to 'False'
[0.549s] Level 5:colcon.colcon_core.verb:set package 'ur_project_bringup' build argument 'cmake_force_configure' from command line to 'False'
[0.549s] Level 5:colcon.colcon_core.verb:set package 'ur_project_bringup' build argument 'ament_cmake_args' from command line to 'None'
[0.549s] Level 5:colcon.colcon_core.verb:set package 'ur_project_bringup' build argument 'catkin_cmake_args' from command line to 'None'
[0.549s] Level 5:colcon.colcon_core.verb:set package 'ur_project_bringup' build argument 'catkin_skip_building_tests' from command line to 'False'
[0.549s] DEBUG:colcon.colcon_core.verb:Building package 'ur_project_bringup' with the following arguments: {'ament_cmake_args': None, 'build_base': '/home/fillipg/UR-Prosjekt/build/ur_project_bringup', 'catkin_cmake_args': None, 'catkin_skip_building_tests': False, 'cmake_args': None, 'cmake_clean_cache': False, 'cmake_clean_first': False, 'cmake_force_configure': False, 'cmake_target': None, 'cmake_target_skip_unavailable': False, 'install_base': '/home/fillipg/UR-Prosjekt/install/ur_project_bringup', 'merge_install': False, 'path': '/home/fillipg/UR-Prosjekt/src/ur_project_bringup', 'symlink_install': True, 'test_result_base': None}
[0.549s] INFO:colcon.colcon_core.executor:Executing jobs using 'parallel' executor
[0.552s] DEBUG:colcon.colcon_parallel_executor.executor.parallel:run_until_complete
[0.553s] INFO:colcon.colcon_ros.task.ament_python.build:Building ROS package in '/home/fillipg/UR-Prosjekt/src/cube_vision' with build type 'ament_python'
[0.553s] Level 1:colcon.colcon_core.shell:create_environment_hook('cube_vision', 'ament_prefix_path')
[0.558s] INFO:colcon.colcon_core.plugin_system:Skipping extension 'colcon_core.shell.bat': Not used on non-Windows systems
[0.558s] INFO:colcon.colcon_core.shell:Creating environment hook '/home/fillipg/UR-Prosjekt/install/cube_vision/share/cube_vision/hook/ament_prefix_path.ps1'
[0.559s] INFO:colcon.colcon_core.shell:Creating environment descriptor '/home/fillipg/UR-Prosjekt/install/cube_vision/share/cube_vision/hook/ament_prefix_path.dsv'
[0.560s] INFO:colcon.colcon_core.shell:Creating environment hook '/home/fillipg/UR-Prosjekt/install/cube_vision/share/cube_vision/hook/ament_prefix_path.sh'
[0.561s] INFO:colcon.colcon_core.shell:Skip shell extension 'powershell' for command environment: Not usable outside of PowerShell
[0.561s] DEBUG:colcon.colcon_core.shell:Skip shell extension 'dsv' for command environment
[0.567s] INFO:colcon.colcon_ros.task.ament_python.build:Building ROS package in '/home/fillipg/UR-Prosjekt/src/robot_control' with build type 'ament_python'
[0.567s] Level 1:colcon.colcon_core.shell:create_environment_hook('robot_control', 'ament_prefix_path')
[0.568s] INFO:colcon.colcon_core.shell:Creating environment hook '/home/fillipg/UR-Prosjekt/install/robot_control/share/robot_control/hook/ament_prefix_path.ps1'
[0.573s] INFO:colcon.colcon_core.shell:Creating environment descriptor '/home/fillipg/UR-Prosjekt/install/robot_control/share/robot_control/hook/ament_prefix_path.dsv'
[0.575s] INFO:colcon.colcon_core.shell:Creating environment hook '/home/fillipg/UR-Prosjekt/install/robot_control/share/robot_control/hook/ament_prefix_path.sh'
[0.577s] INFO:colcon.colcon_core.shell:Skip shell extension 'powershell' for command environment: Not usable outside of PowerShell
[0.577s] DEBUG:colcon.colcon_core.shell:Skip shell extension 'dsv' for command environment
[0.588s] INFO:colcon.colcon_ros.task.ament_cmake.build:Building ROS package in '/home/fillipg/UR-Prosjekt/src/ur_project_bringup' with build type 'ament_cmake'
[0.589s] INFO:colcon.colcon_cmake.task.cmake.build:Building CMake package in '/home/fillipg/UR-Prosjekt/src/ur_project_bringup'
[0.590s] INFO:colcon.colcon_core.shell:Skip shell extension 'powershell' for command environment: Not usable outside of PowerShell
[0.590s] DEBUG:colcon.colcon_core.shell:Skip shell extension 'dsv' for command environment
[0.945s] INFO:colcon.colcon_core.task.python.build:Building Python package in '/home/fillipg/UR-Prosjekt/src/cube_vision'
[0.946s] INFO:colcon.colcon_core.shell:Skip shell extension 'powershell' for command environment: Not usable outside of PowerShell
[0.946s] DEBUG:colcon.colcon_core.shell:Skip shell extension 'dsv' for command environment
[1.258s] INFO:colcon.colcon_core.task.python.build:Building Python package in '/home/fillipg/UR-Prosjekt/src/robot_control'
[1.258s] INFO:colcon.colcon_core.shell:Skip shell extension 'powershell' for command environment: Not usable outside of PowerShell
[1.258s] DEBUG:colcon.colcon_core.shell:Skip shell extension 'dsv' for command environment
[1.272s] DEBUG:colcon.colcon_core.event_handler.log_command:Invoking command in '/home/fillipg/UR-Prosjekt/build/ur_project_bringup': CMAKE_PREFIX_PATH=${CMAKE_PREFIX_PATH}:/home/fillipg/AIS2105_ws/install/reference_input:/home/fillipg/AIS2105_ws/install/qube_description:/home/fillipg/AIS2105_ws/install/qube_controller:/home/fillipg/AIS2105_ws/install/qube_bringup:/home/fillipg/AIS2105_ws/install/joint_simulator:/opt/ros/jazzy DEBUGINFOD_URLS=https://debuginfod.ubuntu.com /usr/bin/cmake /home/fillipg/UR-Prosjekt/src/ur_project_bringup -DAMENT_CMAKE_SYMLINK_INSTALL=1 -DCMAKE_INSTALL_PREFIX=/home/fillipg/UR-Prosjekt/install/ur_project_bringup
[2.146s] DEBUG:colcon.colcon_core.event_handler.log_command:Invoked command in '/home/fillipg/UR-Prosjekt/build/ur_project_bringup' returned '0': CMAKE_PREFIX_PATH=${CMAKE_PREFIX_PATH}:/home/fillipg/AIS2105_ws/install/reference_input:/home/fillipg/AIS2105_ws/install/qube_description:/home/fillipg/AIS2105_ws/install/qube_controller:/home/fillipg/AIS2105_ws/install/qube_bringup:/home/fillipg/AIS2105_ws/install/joint_simulator:/opt/ros/jazzy DEBUGINFOD_URLS=https://debuginfod.ubuntu.com /usr/bin/cmake /home/fillipg/UR-Prosjekt/src/ur_project_bringup -DAMENT_CMAKE_SYMLINK_INSTALL=1 -DCMAKE_INSTALL_PREFIX=/home/fillipg/UR-Prosjekt/install/ur_project_bringup
[2.149s] DEBUG:colcon.colcon_core.event_handler.log_command:Invoking command in '/home/fillipg/UR-Prosjekt/build/ur_project_bringup': CMAKE_PREFIX_PATH=${CMAKE_PREFIX_PATH}:/home/fillipg/AIS2105_ws/install/reference_input:/home/fillipg/AIS2105_ws/install/qube_description:/home/fillipg/AIS2105_ws/install/qube_controller:/home/fillipg/AIS2105_ws/install/qube_bringup:/home/fillipg/AIS2105_ws/install/joint_simulator:/opt/ros/jazzy DEBUGINFOD_URLS=https://debuginfod.ubuntu.com /usr/bin/cmake --build /home/fillipg/UR-Prosjekt/build/ur_project_bringup -- -j8 -l8
[2.266s] DEBUG:colcon.colcon_core.event_handler.log_command:Invoked command in '/home/fillipg/UR-Prosjekt/build/ur_project_bringup' returned '0': CMAKE_PREFIX_PATH=${CMAKE_PREFIX_PATH}:/home/fillipg/AIS2105_ws/install/reference_input:/home/fillipg/AIS2105_ws/install/qube_description:/home/fillipg/AIS2105_ws/install/qube_controller:/home/fillipg/AIS2105_ws/install/qube_bringup:/home/fillipg/AIS2105_ws/install/joint_simulator:/opt/ros/jazzy DEBUGINFOD_URLS=https://debuginfod.ubuntu.com /usr/bin/cmake --build /home/fillipg/UR-Prosjekt/build/ur_project_bringup -- -j8 -l8
[2.290s] DEBUG:colcon.colcon_core.event_handler.log_command:Invoking command in '/home/fillipg/UR-Prosjekt/build/ur_project_bringup': CMAKE_PREFIX_PATH=${CMAKE_PREFIX_PATH}:/home/fillipg/AIS2105_ws/install/reference_input:/home/fillipg/AIS2105_ws/install/qube_description:/home/fillipg/AIS2105_ws/install/qube_controller:/home/fillipg/AIS2105_ws/install/qube_bringup:/home/fillipg/AIS2105_ws/install/joint_simulator:/opt/ros/jazzy DEBUGINFOD_URLS=https://debuginfod.ubuntu.com /usr/bin/cmake --install /home/fillipg/UR-Prosjekt/build/ur_project_bringup
[2.342s] DEBUG:colcon.colcon_core.event_handler.log_command:Invoking command in '/home/fillipg/UR-Prosjekt/build/cube_vision': DEBUGINFOD_URLS=https://debuginfod.ubuntu.com PYTHONPATH=/home/fillipg/UR-Prosjekt/build/cube_vision/prefix_override:/usr/lib/python3/dist-packages/colcon_core/task/python/colcon_distutils_commands:/home/fillipg/UR-Prosjekt/install/cube_vision/lib/python3.12/site-packages:${PYTHONPATH} /usr/bin/python3 -W ignore:setup.py install is deprecated -W ignore:easy_install command is deprecated setup.py develop --editable --build-directory /home/fillipg/UR-Prosjekt/build/cube_vision/build --no-deps symlink_data
[2.346s] DEBUG:colcon.colcon_core.event_handler.log_command:Invoking command in '/home/fillipg/UR-Prosjekt/build/robot_control': DEBUGINFOD_URLS=https://debuginfod.ubuntu.com PYTHONPATH=/home/fillipg/UR-Prosjekt/build/robot_control/prefix_override:/usr/lib/python3/dist-packages/colcon_core/task/python/colcon_distutils_commands:/home/fillipg/UR-Prosjekt/install/robot_control/lib/python3.12/site-packages:${PYTHONPATH} /usr/bin/python3 -W ignore:setup.py install is deprecated -W ignore:easy_install command is deprecated setup.py develop --editable --build-directory /home/fillipg/UR-Prosjekt/build/robot_control/build --no-deps symlink_data
[2.713s] Level 1:colcon.colcon_core.environment:create_environment_scripts_only(ur_project_bringup)
[2.713s] DEBUG:colcon.colcon_core.event_handler.log_command:Invoked command in '/home/fillipg/UR-Prosjekt/build/ur_project_bringup' returned '0': CMAKE_PREFIX_PATH=${CMAKE_PREFIX_PATH}:/home/fillipg/AIS2105_ws/install/reference_input:/home/fillipg/AIS2105_ws/install/qube_description:/home/fillipg/AIS2105_ws/install/qube_controller:/home/fillipg/AIS2105_ws/install/qube_bringup:/home/fillipg/AIS2105_ws/install/joint_simulator:/opt/ros/jazzy DEBUGINFOD_URLS=https://debuginfod.ubuntu.com /usr/bin/cmake --install /home/fillipg/UR-Prosjekt/build/ur_project_bringup
[2.717s] Level 1:colcon.colcon_core.environment:checking '/home/fillipg/UR-Prosjekt/install/ur_project_bringup' for CMake module files
[2.719s] Level 1:colcon.colcon_core.environment:checking '/home/fillipg/UR-Prosjekt/install/ur_project_bringup' for CMake config files
[2.719s] Level 1:colcon.colcon_core.shell:create_environment_hook('ur_project_bringup', 'cmake_prefix_path')
[2.720s] INFO:colcon.colcon_core.shell:Creating environment hook '/home/fillipg/UR-Prosjekt/install/ur_project_bringup/share/ur_project_bringup/hook/cmake_prefix_path.ps1'
[2.721s] INFO:colcon.colcon_core.shell:Creating environment descriptor '/home/fillipg/UR-Prosjekt/install/ur_project_bringup/share/ur_project_bringup/hook/cmake_prefix_path.dsv'
[2.722s] INFO:colcon.colcon_core.shell:Creating environment hook '/home/fillipg/UR-Prosjekt/install/ur_project_bringup/share/ur_project_bringup/hook/cmake_prefix_path.sh'
[2.722s] Level 1:colcon.colcon_core.environment:checking '/home/fillipg/UR-Prosjekt/install/ur_project_bringup/bin'
[2.722s] Level 1:colcon.colcon_core.environment:checking '/home/fillipg/UR-Prosjekt/install/ur_project_bringup/lib/pkgconfig/ur_project_bringup.pc'
[2.723s] Level 1:colcon.colcon_core.environment:checking '/home/fillipg/UR-Prosjekt/install/ur_project_bringup/lib/python3.12/site-packages'
[2.724s] Level 1:colcon.colcon_core.environment:checking '/home/fillipg/UR-Prosjekt/install/ur_project_bringup/bin'
[2.724s] INFO:colcon.colcon_core.shell:Creating package script '/home/fillipg/UR-Prosjekt/install/ur_project_bringup/share/ur_project_bringup/package.ps1'
[2.725s] INFO:colcon.colcon_core.shell:Creating package descriptor '/home/fillipg/UR-Prosjekt/install/ur_project_bringup/share/ur_project_bringup/package.dsv'
[2.727s] INFO:colcon.colcon_core.shell:Creating package script '/home/fillipg/UR-Prosjekt/install/ur_project_bringup/share/ur_project_bringup/package.sh'
[2.729s] INFO:colcon.colcon_core.shell:Creating package script '/home/fillipg/UR-Prosjekt/install/ur_project_bringup/share/ur_project_bringup/package.bash'
[2.731s] INFO:colcon.colcon_core.shell:Creating package script '/home/fillipg/UR-Prosjekt/install/ur_project_bringup/share/ur_project_bringup/package.zsh'
[2.733s] Level 1:colcon.colcon_core.environment:create_file_with_runtime_dependencies(/home/fillipg/UR-Prosjekt/install/ur_project_bringup/share/colcon-core/packages/ur_project_bringup)
[2.734s] Level 1:colcon.colcon_core.environment:create_environment_scripts_only(ur_project_bringup)
[2.734s] Level 1:colcon.colcon_core.environment:checking '/home/fillipg/UR-Prosjekt/install/ur_project_bringup' for CMake module files
[2.735s] Level 1:colcon.colcon_core.environment:checking '/home/fillipg/UR-Prosjekt/install/ur_project_bringup' for CMake config files
[2.736s] Level 1:colcon.colcon_core.shell:create_environment_hook('ur_project_bringup', 'cmake_prefix_path')
[2.736s] INFO:colcon.colcon_core.shell:Creating environment hook '/home/fillipg/UR-Prosjekt/install/ur_project_bringup/share/ur_project_bringup/hook/cmake_prefix_path.ps1'
[2.737s] INFO:colcon.colcon_core.shell:Creating environment descriptor '/home/fillipg/UR-Prosjekt/install/ur_project_bringup/share/ur_project_bringup/hook/cmake_prefix_path.dsv'
[2.737s] INFO:colcon.colcon_core.shell:Creating environment hook '/home/fillipg/UR-Prosjekt/install/ur_project_bringup/share/ur_project_bringup/hook/cmake_prefix_path.sh'
[2.738s] Level 1:colcon.colcon_core.environment:checking '/home/fillipg/UR-Prosjekt/install/ur_project_bringup/bin'
[2.739s] Level 1:colcon.colcon_core.environment:checking '/home/fillipg/UR-Prosjekt/install/ur_project_bringup/lib/pkgconfig/ur_project_bringup.pc'
[2.739s] Level 1:colcon.colcon_core.environment:checking '/home/fillipg/UR-Prosjekt/install/ur_project_bringup/lib/python3.12/site-packages'
[2.740s] Level 1:colcon.colcon_core.environment:checking '/home/fillipg/UR-Prosjekt/install/ur_project_bringup/bin'
[2.740s] INFO:colcon.colcon_core.shell:Creating package script '/home/fillipg/UR-Prosjekt/install/ur_project_bringup/share/ur_project_bringup/package.ps1'
[2.742s] INFO:colcon.colcon_core.shell:Creating package descriptor '/home/fillipg/UR-Prosjekt/install/ur_project_bringup/share/ur_project_bringup/package.dsv'
[2.743s] INFO:colcon.colcon_core.shell:Creating package script '/home/fillipg/UR-Prosjekt/install/ur_project_bringup/share/ur_project_bringup/package.sh'
[2.744s] INFO:colcon.colcon_core.shell:Creating package script '/home/fillipg/UR-Prosjekt/install/ur_project_bringup/share/ur_project_bringup/package.bash'
[2.744s] INFO:colcon.colcon_core.shell:Creating package script '/home/fillipg/UR-Prosjekt/install/ur_project_bringup/share/ur_project_bringup/package.zsh'
[2.745s] Level 1:colcon.colcon_core.environment:create_file_with_runtime_dependencies(/home/fillipg/UR-Prosjekt/install/ur_project_bringup/share/colcon-core/packages/ur_project_bringup)
[3.339s] Level 1:colcon.colcon_core.shell:create_environment_hook('cube_vision', 'pythonpath_develop')
[3.340s] INFO:colcon.colcon_core.shell:Creating environment hook '/home/fillipg/UR-Prosjekt/build/cube_vision/share/cube_vision/hook/pythonpath_develop.ps1'
[3.340s] DEBUG:colcon.colcon_core.event_handler.log_command:Invoked command in '/home/fillipg/UR-Prosjekt/build/cube_vision' returned '0': DEBUGINFOD_URLS=https://debuginfod.ubuntu.com PYTHONPATH=/home/fillipg/UR-Prosjekt/build/cube_vision/prefix_override:/usr/lib/python3/dist-packages/colcon_core/task/python/colcon_distutils_commands:/home/fillipg/UR-Prosjekt/install/cube_vision/lib/python3.12/site-packages:${PYTHONPATH} /usr/bin/python3 -W ignore:setup.py install is deprecated -W ignore:easy_install command is deprecated setup.py develop --editable --build-directory /home/fillipg/UR-Prosjekt/build/cube_vision/build --no-deps symlink_data
[3.341s] INFO:colcon.colcon_core.shell:Creating environment descriptor '/home/fillipg/UR-Prosjekt/build/cube_vision/share/cube_vision/hook/pythonpath_develop.dsv'
[3.342s] INFO:colcon.colcon_core.shell:Creating environment hook '/home/fillipg/UR-Prosjekt/build/cube_vision/share/cube_vision/hook/pythonpath_develop.sh'
[3.342s] Level 1:colcon.colcon_core.environment:checking '/home/fillipg/UR-Prosjekt/install/cube_vision' for CMake module files
[3.343s] Level 1:colcon.colcon_core.environment:checking '/home/fillipg/UR-Prosjekt/install/cube_vision' for CMake config files
[3.344s] Level 1:colcon.colcon_core.environment:checking '/home/fillipg/UR-Prosjekt/install/cube_vision/lib'
[3.344s] Level 1:colcon.colcon_core.environment:checking '/home/fillipg/UR-Prosjekt/install/cube_vision/bin'
[3.344s] Level 1:colcon.colcon_core.environment:checking '/home/fillipg/UR-Prosjekt/install/cube_vision/lib/pkgconfig/cube_vision.pc'
[3.344s] Level 1:colcon.colcon_core.environment:checking '/home/fillipg/UR-Prosjekt/install/cube_vision/lib/python3.12/site-packages'
[3.344s] Level 1:colcon.colcon_core.shell:create_environment_hook('cube_vision', 'pythonpath')
[3.344s] INFO:colcon.colcon_core.shell:Creating environment hook '/home/fillipg/UR-Prosjekt/install/cube_vision/share/cube_vision/hook/pythonpath.ps1'
[3.345s] INFO:colcon.colcon_core.shell:Creating environment descriptor '/home/fillipg/UR-Prosjekt/install/cube_vision/share/cube_vision/hook/pythonpath.dsv'
[3.346s] INFO:colcon.colcon_core.shell:Creating environment hook '/home/fillipg/UR-Prosjekt/install/cube_vision/share/cube_vision/hook/pythonpath.sh'
[3.346s] Level 1:colcon.colcon_core.environment:checking '/home/fillipg/UR-Prosjekt/install/cube_vision/bin'
[3.347s] Level 1:colcon.colcon_core.environment:create_environment_scripts_only(cube_vision)
[3.347s] INFO:colcon.colcon_core.shell:Creating package script '/home/fillipg/UR-Prosjekt/install/cube_vision/share/cube_vision/package.ps1'
[3.348s] INFO:colcon.colcon_core.shell:Creating package descriptor '/home/fillipg/UR-Prosjekt/install/cube_vision/share/cube_vision/package.dsv'
[3.348s] INFO:colcon.colcon_core.shell:Creating package script '/home/fillipg/UR-Prosjekt/install/cube_vision/share/cube_vision/package.sh'
[3.349s] INFO:colcon.colcon_core.shell:Creating package script '/home/fillipg/UR-Prosjekt/install/cube_vision/share/cube_vision/package.bash'
[3.350s] INFO:colcon.colcon_core.shell:Creating package script '/home/fillipg/UR-Prosjekt/install/cube_vision/share/cube_vision/package.zsh'
[3.350s] Level 1:colcon.colcon_core.environment:create_file_with_runtime_dependencies(/home/fillipg/UR-Prosjekt/install/cube_vision/share/colcon-core/packages/cube_vision)
[3.353s] Level 1:colcon.colcon_core.shell:create_environment_hook('robot_control', 'pythonpath_develop')
[3.354s] INFO:colcon.colcon_core.shell:Creating environment hook '/home/fillipg/UR-Prosjekt/build/robot_control/share/robot_control/hook/pythonpath_develop.ps1'
[3.354s] DEBUG:colcon.colcon_core.event_handler.log_command:Invoked command in '/home/fillipg/UR-Prosjekt/build/robot_control' returned '0': DEBUGINFOD_URLS=https://debuginfod.ubuntu.com PYTHONPATH=/home/fillipg/UR-Prosjekt/build/robot_control/prefix_override:/usr/lib/python3/dist-packages/colcon_core/task/python/colcon_distutils_commands:/home/fillipg/UR-Prosjekt/install/robot_control/lib/python3.12/site-packages:${PYTHONPATH} /usr/bin/python3 -W ignore:setup.py install is deprecated -W ignore:easy_install command is deprecated setup.py develop --editable --build-directory /home/fillipg/UR-Prosjekt/build/robot_control/build --no-deps symlink_data
[3.354s] INFO:colcon.colcon_core.shell:Creating environment descriptor '/home/fillipg/UR-Prosjekt/build/robot_control/share/robot_control/hook/pythonpath_develop.dsv'
[3.355s] INFO:colcon.colcon_core.shell:Creating environment hook '/home/fillipg/UR-Prosjekt/build/robot_control/share/robot_control/hook/pythonpath_develop.sh'
[3.356s] Level 1:colcon.colcon_core.environment:checking '/home/fillipg/UR-Prosjekt/install/robot_control' for CMake module files
[3.356s] Level 1:colcon.colcon_core.environment:checking '/home/fillipg/UR-Prosjekt/install/robot_control' for CMake config files
[3.357s] Level 1:colcon.colcon_core.environment:checking '/home/fillipg/UR-Prosjekt/install/robot_control/lib'
[3.357s] Level 1:colcon.colcon_core.environment:checking '/home/fillipg/UR-Prosjekt/install/robot_control/bin'
[3.357s] Level 1:colcon.colcon_core.environment:checking '/home/fillipg/UR-Prosjekt/install/robot_control/lib/pkgconfig/robot_control.pc'
[3.357s] Level 1:colcon.colcon_core.environment:checking '/home/fillipg/UR-Prosjekt/install/robot_control/lib/python3.12/site-packages'
[3.357s] Level 1:colcon.colcon_core.shell:create_environment_hook('robot_control', 'pythonpath')
[3.357s] INFO:colcon.colcon_core.shell:Creating environment hook '/home/fillipg/UR-Prosjekt/install/robot_control/share/robot_control/hook/pythonpath.ps1'
[3.358s] INFO:colcon.colcon_core.shell:Creating environment descriptor '/home/fillipg/UR-Prosjekt/install/robot_control/share/robot_control/hook/pythonpath.dsv'
[3.358s] INFO:colcon.colcon_core.shell:Creating environment hook '/home/fillipg/UR-Prosjekt/install/robot_control/share/robot_control/hook/pythonpath.sh'
[3.360s] Level 1:colcon.colcon_core.environment:checking '/home/fillipg/UR-Prosjekt/install/robot_control/bin'
[3.360s] Level 1:colcon.colcon_core.environment:create_environment_scripts_only(robot_control)
[3.360s] INFO:colcon.colcon_core.shell:Creating package script '/home/fillipg/UR-Prosjekt/install/robot_control/share/robot_control/package.ps1'
[3.361s] INFO:colcon.colcon_core.shell:Creating package descriptor '/home/fillipg/UR-Prosjekt/install/robot_control/share/robot_control/package.dsv'
[3.362s] INFO:colcon.colcon_core.shell:Creating package script '/home/fillipg/UR-Prosjekt/install/robot_control/share/robot_control/package.sh'
[3.362s] INFO:colcon.colcon_core.shell:Creating package script '/home/fillipg/UR-Prosjekt/install/robot_control/share/robot_control/package.bash'
[3.363s] INFO:colcon.colcon_core.shell:Creating package script '/home/fillipg/UR-Prosjekt/install/robot_control/share/robot_control/package.zsh'
[3.364s] Level 1:colcon.colcon_core.environment:create_file_with_runtime_dependencies(/home/fillipg/UR-Prosjekt/install/robot_control/share/colcon-core/packages/robot_control)
[3.364s] DEBUG:colcon.colcon_parallel_executor.executor.parallel:closing loop
[3.365s] DEBUG:colcon.colcon_parallel_executor.executor.parallel:loop closed
[3.365s] DEBUG:colcon.colcon_parallel_executor.executor.parallel:run_until_complete finished with '0'
[3.365s] DEBUG:colcon.colcon_core.event_reactor:joining thread
[3.435s] INFO:colcon.colcon_core.plugin_system:Skipping extension 'colcon_notification.desktop_notification.notify_send': Could not find 'notify-send'
[3.435s] INFO:colcon.colcon_core.plugin_system:Skipping extension 'colcon_notification.desktop_notification.terminal_notifier': Not used on non-Darwin systems
[3.435s] INFO:colcon.colcon_core.plugin_system:Skipping extension 'colcon_notification.desktop_notification.win32': Not used on non-Windows systems
[3.435s] INFO:colcon.colcon_notification.desktop_notification:Sending desktop notification using 'notify2'
[3.438s] DEBUG:colcon.colcon_notification.desktop_notification.notify2:Failed to initialize notify2: org.freedesktop.DBus.Error.ServiceUnknown: The name org.freedesktop.Notifications was not provided by any .service files
[3.438s] DEBUG:colcon.colcon_core.event_reactor:joined thread
[3.438s] INFO:colcon.colcon_core.shell:Creating prefix script '/home/fillipg/UR-Prosjekt/install/local_setup.ps1'
[3.440s] INFO:colcon.colcon_core.shell:Creating prefix util module '/home/fillipg/UR-Prosjekt/install/_local_setup_util_ps1.py'
[3.442s] INFO:colcon.colcon_core.shell:Creating prefix chain script '/home/fillipg/UR-Prosjekt/install/setup.ps1'
[3.444s] INFO:colcon.colcon_core.shell:Creating prefix script '/home/fillipg/UR-Prosjekt/install/local_setup.sh'
[3.445s] INFO:colcon.colcon_core.shell:Creating prefix util module '/home/fillipg/UR-Prosjekt/install/_local_setup_util_sh.py'
[3.445s] INFO:colcon.colcon_core.shell:Creating prefix chain script '/home/fillipg/UR-Prosjekt/install/setup.sh'
[3.447s] INFO:colcon.colcon_core.shell:Creating prefix script '/home/fillipg/UR-Prosjekt/install/local_setup.bash'
[3.448s] INFO:colcon.colcon_core.shell:Creating prefix chain script '/home/fillipg/UR-Prosjekt/install/setup.bash'
[3.450s] INFO:colcon.colcon_core.shell:Creating prefix script '/home/fillipg/UR-Prosjekt/install/local_setup.zsh'
[3.451s] INFO:colcon.colcon_core.shell:Creating prefix chain script '/home/fillipg/UR-Prosjekt/install/setup.zsh'
