-- Found ament_cmake: 2.5.5 (/opt/ros/jazzy/share/ament_cmake/cmake)
-- Override CMake install command with custom implementation using symlinks instead of copying resources
-- Found ament_lint_auto: 0.17.4 (/opt/ros/jazzy/share/ament_lint_auto/cmake)
-- Added test 'lint_cmake' to check CMake code style
-- Added test 'xmllint' to check XML markup files
-- Configuring done (0.8s)
-- Generating done (0.0s)
-- Build files have been written to: /home/fillipg/UR-Prosjekt/build/ur_project_bringup
-- Install configuration: ""
-- Execute custom install script
-- Symlinking: /home/fillipg/UR-Prosjekt/install/ur_project_bringup/share/ament_index/resource_index/package_run_dependencies/ur_project_bringup
-- Symlinking: /home/fillipg/UR-Prosjekt/install/ur_project_bringup/share/ament_index/resource_index/parent_prefix_path/ur_project_bringup
-- Symlinking: /home/fillipg/UR-Prosjekt/install/ur_project_bringup/share/ur_project_bringup/environment/ament_prefix_path.sh
-- Symlinking: /home/fillipg/UR-Prosjekt/install/ur_project_bringup/share/ur_project_bringup/environment/ament_prefix_path.dsv
-- Symlinking: /home/fillipg/UR-Prosjekt/install/ur_project_bringup/share/ur_project_bringup/environment/path.sh
-- Symlinking: /home/fillipg/UR-Prosjekt/install/ur_project_bringup/share/ur_project_bringup/environment/path.dsv
-- Symlinking: /home/fillipg/UR-Prosjekt/install/ur_project_bringup/share/ur_project_bringup/local_setup.bash
-- Symlinking: /home/fillipg/UR-Prosjekt/install/ur_project_bringup/share/ur_project_bringup/local_setup.sh
-- Symlinking: /home/fillipg/UR-Prosjekt/install/ur_project_bringup/share/ur_project_bringup/local_setup.zsh
-- Symlinking: /home/fillipg/UR-Prosjekt/install/ur_project_bringup/share/ur_project_bringup/local_setup.dsv
-- Symlinking: /home/fillipg/UR-Prosjekt/install/ur_project_bringup/share/ur_project_bringup/package.dsv
-- Symlinking: /home/fillipg/UR-Prosjekt/install/ur_project_bringup/share/ament_index/resource_index/packages/ur_project_bringup
-- Symlinking: /home/fillipg/UR-Prosjekt/install/ur_project_bringup/share/ur_project_bringup/cmake/ur_project_bringupConfig.cmake
-- Symlinking: /home/fillipg/UR-Prosjekt/install/ur_project_bringup/share/ur_project_bringup/cmake/ur_project_bringupConfig-version.cmake
-- Symlinking: /home/fillipg/UR-Prosjekt/install/ur_project_bringup/share/ur_project_bringup/package.xml
