[0.670s] DEBUG:colcon:Command line arguments: ['/usr/bin/colcon', 'build', '--symlink-install']
[0.670s] DEBUG:colcon:Parsed command line arguments: Namespace(log_base=None, log_level=None, verb_name='build', build_base='build', install_base='install', merge_install=False, symlink_install=True, test_result_base=None, continue_on_error=False, executor='parallel', parallel_workers=8, event_handlers=None, ignore_user_meta=False, metas=['./colcon.meta'], base_paths=['.'], packages_ignore=None, packages_ignore_regex=None, paths=None, packages_up_to=None, packages_up_to_regex=None, packages_above=None, packages_above_and_dependencies=None, packages_above_depth=None, packages_select_by_dep=None, packages_skip_by_dep=None, packages_skip_up_to=None, packages_select_build_failed=False, packages_skip_build_finished=False, packages_select_test_failures=False, packages_skip_test_passed=False, packages_select=None, packages_skip=None, packages_select_regex=None, packages_skip_regex=None, packages_start=None, packages_end=None, allow_overriding=[], cmake_args=None, cmake_target=None, cmake_target_skip_unavailable=False, cmake_clean_cache=False, cmake_clean_first=False, cmake_force_configure=False, ament_cmake_args=None, catkin_cmake_args=None, catkin_skip_building_tests=False, verb_parser=<colcon_defaults.argument_parser.defaults.DefaultArgumentsDecorator object at 0x7169d5b80200>, verb_extension=<colcon_core.verb.build.BuildVerb object at 0x7169d5c90fe0>, main=<bound method BuildVerb.main of <colcon_core.verb.build.BuildVerb object at 0x7169d5c90fe0>>)
[0.808s] Level 1:colcon.colcon_core.package_discovery:discover_packages(colcon_meta) check parameters
[0.808s] Level 1:colcon.colcon_core.package_discovery:discover_packages(recursive) check parameters
[0.808s] Level 1:colcon.colcon_core.package_discovery:discover_packages(ignore) check parameters
[0.808s] Level 1:colcon.colcon_core.package_discovery:discover_packages(path) check parameters
[0.808s] Level 1:colcon.colcon_core.package_discovery:discover_packages(colcon_meta) discover
[0.808s] Level 1:colcon.colcon_core.package_discovery:discover_packages(recursive) discover
[0.808s] INFO:colcon.colcon_core.package_discovery:Crawling recursively for packages in '/home/fillipg/UR-Prosjekt'
[0.809s] Level 1:colcon.colcon_core.package_identification:_identify(.) by extensions ['ignore', 'ignore_ament_install']
[0.809s] Level 1:colcon.colcon_core.package_identification:_identify(.) by extension 'ignore'
[0.809s] Level 1:colcon.colcon_core.package_identification:_identify(.) by extension 'ignore_ament_install'
[0.809s] Level 1:colcon.colcon_core.package_identification:_identify(.) by extensions ['colcon_pkg']
[0.809s] Level 1:colcon.colcon_core.package_identification:_identify(.) by extension 'colcon_pkg'
[0.809s] Level 1:colcon.colcon_core.package_identification:_identify(.) by extensions ['colcon_meta']
[0.809s] Level 1:colcon.colcon_core.package_identification:_identify(.) by extension 'colcon_meta'
[0.809s] Level 1:colcon.colcon_core.package_identification:_identify(.) by extensions ['ros']
[0.809s] Level 1:colcon.colcon_core.package_identification:_identify(.) by extension 'ros'
[0.856s] Level 1:colcon.colcon_core.package_identification:_identify(.) by extensions ['cmake', 'python']
[0.856s] Level 1:colcon.colcon_core.package_identification:_identify(.) by extension 'cmake'
[0.856s] Level 1:colcon.colcon_core.package_identification:_identify(.) by extension 'python'
[0.856s] Level 1:colcon.colcon_core.package_identification:_identify(.) by extensions ['python_setup_py']
[0.856s] Level 1:colcon.colcon_core.package_identification:_identify(.) by extension 'python_setup_py'
[0.856s] Level 1:colcon.colcon_core.package_identification:_identify(build) by extensions ['ignore', 'ignore_ament_install']
[0.856s] Level 1:colcon.colcon_core.package_identification:_identify(build) by extension 'ignore'
[0.856s] Level 1:colcon.colcon_core.package_identification:_identify(build) ignored
[0.857s] Level 1:colcon.colcon_core.package_identification:_identify(install) by extensions ['ignore', 'ignore_ament_install']
[0.857s] Level 1:colcon.colcon_core.package_identification:_identify(install) by extension 'ignore'
[0.857s] Level 1:colcon.colcon_core.package_identification:_identify(install) ignored
[0.857s] Level 1:colcon.colcon_core.package_identification:_identify(log) by extensions ['ignore', 'ignore_ament_install']
[0.857s] Level 1:colcon.colcon_core.package_identification:_identify(log) by extension 'ignore'
[0.857s] Level 1:colcon.colcon_core.package_identification:_identify(log) ignored
[0.857s] Level 1:colcon.colcon_core.package_identification:_identify(src) by extensions ['ignore', 'ignore_ament_install']
[0.857s] Level 1:colcon.colcon_core.package_identification:_identify(src) by extension 'ignore'
[0.857s] Level 1:colcon.colcon_core.package_identification:_identify(src) by extension 'ignore_ament_install'
[0.857s] Level 1:colcon.colcon_core.package_identification:_identify(src) by extensions ['colcon_pkg']
[0.857s] Level 1:colcon.colcon_core.package_identification:_identify(src) by extension 'colcon_pkg'
[0.857s] Level 1:colcon.colcon_core.package_identification:_identify(src) by extensions ['colcon_meta']
[0.857s] Level 1:colcon.colcon_core.package_identification:_identify(src) by extension 'colcon_meta'
[0.857s] Level 1:colcon.colcon_core.package_identification:_identify(src) by extensions ['ros']
[0.857s] Level 1:colcon.colcon_core.package_identification:_identify(src) by extension 'ros'
[0.857s] Level 1:colcon.colcon_core.package_identification:_identify(src) by extensions ['cmake', 'python']
[0.857s] Level 1:colcon.colcon_core.package_identification:_identify(src) by extension 'cmake'
[0.857s] Level 1:colcon.colcon_core.package_identification:_identify(src) by extension 'python'
[0.858s] Level 1:colcon.colcon_core.package_identification:_identify(src) by extensions ['python_setup_py']
[0.858s] Level 1:colcon.colcon_core.package_identification:_identify(src) by extension 'python_setup_py'
[0.858s] Level 1:colcon.colcon_core.package_identification:_identify(src/cube_vision) by extensions ['ignore', 'ignore_ament_install']
[0.858s] Level 1:colcon.colcon_core.package_identification:_identify(src/cube_vision) by extension 'ignore'
[0.859s] Level 1:colcon.colcon_core.package_identification:_identify(src/cube_vision) by extension 'ignore_ament_install'
[0.859s] Level 1:colcon.colcon_core.package_identification:_identify(src/cube_vision) by extensions ['colcon_pkg']
[0.859s] Level 1:colcon.colcon_core.package_identification:_identify(src/cube_vision) by extension 'colcon_pkg'
[0.859s] Level 1:colcon.colcon_core.package_identification:_identify(src/cube_vision) by extensions ['colcon_meta']
[0.859s] Level 1:colcon.colcon_core.package_identification:_identify(src/cube_vision) by extension 'colcon_meta'
[0.859s] Level 1:colcon.colcon_core.package_identification:_identify(src/cube_vision) by extensions ['ros']
[0.859s] Level 1:colcon.colcon_core.package_identification:_identify(src/cube_vision) by extension 'ros'
[0.867s] DEBUG:colcon.colcon_core.package_identification:Package 'src/cube_vision' with type 'ros.ament_python' and name 'cube_vision'
[0.868s] Level 1:colcon.colcon_core.package_identification:_identify(src/robot_control) by extensions ['ignore', 'ignore_ament_install']
[0.868s] Level 1:colcon.colcon_core.package_identification:_identify(src/robot_control) by extension 'ignore'
[0.868s] Level 1:colcon.colcon_core.package_identification:_identify(src/robot_control) by extension 'ignore_ament_install'
[0.868s] Level 1:colcon.colcon_core.package_identification:_identify(src/robot_control) by extensions ['colcon_pkg']
[0.868s] Level 1:colcon.colcon_core.package_identification:_identify(src/robot_control) by extension 'colcon_pkg'
[0.868s] Level 1:colcon.colcon_core.package_identification:_identify(src/robot_control) by extensions ['colcon_meta']
[0.868s] Level 1:colcon.colcon_core.package_identification:_identify(src/robot_control) by extension 'colcon_meta'
[0.868s] Level 1:colcon.colcon_core.package_identification:_identify(src/robot_control) by extensions ['ros']
[0.869s] Level 1:colcon.colcon_core.package_identification:_identify(src/robot_control) by extension 'ros'
[0.870s] DEBUG:colcon.colcon_core.package_identification:Package 'src/robot_control' with type 'ros.ament_python' and name 'robot_control'
[0.871s] Level 1:colcon.colcon_core.package_identification:_identify(src/ur_project_bringup) by extensions ['ignore', 'ignore_ament_install']
[0.871s] Level 1:colcon.colcon_core.package_identification:_identify(src/ur_project_bringup) by extension 'ignore'
[0.871s] Level 1:colcon.colcon_core.package_identification:_identify(src/ur_project_bringup) by extension 'ignore_ament_install'
[0.871s] Level 1:colcon.colcon_core.package_identification:_identify(src/ur_project_bringup) by extensions ['colcon_pkg']
[0.871s] Level 1:colcon.colcon_core.package_identification:_identify(src/ur_project_bringup) by extension 'colcon_pkg'
[0.871s] Level 1:colcon.colcon_core.package_identification:_identify(src/ur_project_bringup) by extensions ['colcon_meta']
[0.871s] Level 1:colcon.colcon_core.package_identification:_identify(src/ur_project_bringup) by extension 'colcon_meta'
[0.871s] Level 1:colcon.colcon_core.package_identification:_identify(src/ur_project_bringup) by extensions ['ros']
[0.871s] Level 1:colcon.colcon_core.package_identification:_identify(src/ur_project_bringup) by extension 'ros'
[0.872s] DEBUG:colcon.colcon_core.package_identification:Package 'src/ur_project_bringup' with type 'ros.ament_cmake' and name 'ur_project_bringup'
[0.872s] Level 1:colcon.colcon_core.package_discovery:discover_packages(recursive) using defaults
[0.872s] Level 1:colcon.colcon_core.package_discovery:discover_packages(ignore) discover
[0.872s] Level 1:colcon.colcon_core.package_discovery:discover_packages(ignore) using defaults
[0.872s] Level 1:colcon.colcon_core.package_discovery:discover_packages(path) discover
[0.872s] Level 1:colcon.colcon_core.package_discovery:discover_packages(path) using defaults
[0.945s] Level 1:colcon.colcon_core.package_discovery:discover_packages(prefix_path) check parameters
[0.945s] Level 1:colcon.colcon_core.package_discovery:discover_packages(prefix_path) discover
[0.970s] DEBUG:colcon.colcon_installed_package_information.package_discovery:Found 12 installed packages in /home/fillipg/AIS2105_ws/install
[0.974s] DEBUG:colcon.colcon_installed_package_information.package_discovery:Found 387 installed packages in /opt/ros/jazzy
[0.976s] Level 1:colcon.colcon_core.package_discovery:discover_packages(prefix_path) using defaults
[1.085s] Level 5:colcon.colcon_core.verb:set package 'cube_vision' build argument 'cmake_args' from command line to 'None'
[1.085s] Level 5:colcon.colcon_core.verb:set package 'cube_vision' build argument 'cmake_target' from command line to 'None'
[1.085s] Level 5:colcon.colcon_core.verb:set package 'cube_vision' build argument 'cmake_target_skip_unavailable' from command line to 'False'
[1.085s] Level 5:colcon.colcon_core.verb:set package 'cube_vision' build argument 'cmake_clean_cache' from command line to 'False'
[1.085s] Level 5:colcon.colcon_core.verb:set package 'cube_vision' build argument 'cmake_clean_first' from command line to 'False'
[1.085s] Level 5:colcon.colcon_core.verb:set package 'cube_vision' build argument 'cmake_force_configure' from command line to 'False'
[1.085s] Level 5:colcon.colcon_core.verb:set package 'cube_vision' build argument 'ament_cmake_args' from command line to 'None'
[1.085s] Level 5:colcon.colcon_core.verb:set package 'cube_vision' build argument 'catkin_cmake_args' from command line to 'None'
[1.085s] Level 5:colcon.colcon_core.verb:set package 'cube_vision' build argument 'catkin_skip_building_tests' from command line to 'False'
[1.085s] DEBUG:colcon.colcon_core.verb:Building package 'cube_vision' with the following arguments: {'ament_cmake_args': None, 'build_base': '/home/fillipg/UR-Prosjekt/build/cube_vision', 'catkin_cmake_args': None, 'catkin_skip_building_tests': False, 'cmake_args': None, 'cmake_clean_cache': False, 'cmake_clean_first': False, 'cmake_force_configure': False, 'cmake_target': None, 'cmake_target_skip_unavailable': False, 'install_base': '/home/fillipg/UR-Prosjekt/install/cube_vision', 'merge_install': False, 'path': '/home/fillipg/UR-Prosjekt/src/cube_vision', 'symlink_install': True, 'test_result_base': None}
[1.086s] Level 5:colcon.colcon_core.verb:set package 'robot_control' build argument 'cmake_args' from command line to 'None'
[1.086s] Level 5:colcon.colcon_core.verb:set package 'robot_control' build argument 'cmake_target' from command line to 'None'
[1.086s] Level 5:colcon.colcon_core.verb:set package 'robot_control' build argument 'cmake_target_skip_unavailable' from command line to 'False'
[1.086s] Level 5:colcon.colcon_core.verb:set package 'robot_control' build argument 'cmake_clean_cache' from command line to 'False'
[1.086s] Level 5:colcon.colcon_core.verb:set package 'robot_control' build argument 'cmake_clean_first' from command line to 'False'
[1.086s] Level 5:colcon.colcon_core.verb:set package 'robot_control' build argument 'cmake_force_configure' from command line to 'False'
[1.086s] Level 5:colcon.colcon_core.verb:set package 'robot_control' build argument 'ament_cmake_args' from command line to 'None'
[1.086s] Level 5:colcon.colcon_core.verb:set package 'robot_control' build argument 'catkin_cmake_args' from command line to 'None'
[1.086s] Level 5:colcon.colcon_core.verb:set package 'robot_control' build argument 'catkin_skip_building_tests' from command line to 'False'
[1.086s] DEBUG:colcon.colcon_core.verb:Building package 'robot_control' with the following arguments: {'ament_cmake_args': None, 'build_base': '/home/fillipg/UR-Prosjekt/build/robot_control', 'catkin_cmake_args': None, 'catkin_skip_building_tests': False, 'cmake_args': None, 'cmake_clean_cache': False, 'cmake_clean_first': False, 'cmake_force_configure': False, 'cmake_target': None, 'cmake_target_skip_unavailable': False, 'install_base': '/home/fillipg/UR-Prosjekt/install/robot_control', 'merge_install': False, 'path': '/home/fillipg/UR-Prosjekt/src/robot_control', 'symlink_install': True, 'test_result_base': None}
[1.087s] Level 5:colcon.colcon_core.verb:set package 'ur_project_bringup' build argument 'cmake_args' from command line to 'None'
[1.087s] Level 5:colcon.colcon_core.verb:set package 'ur_project_bringup' build argument 'cmake_target' from command line to 'None'
[1.087s] Level 5:colcon.colcon_core.verb:set package 'ur_project_bringup' build argument 'cmake_target_skip_unavailable' from command line to 'False'
[1.087s] Level 5:colcon.colcon_core.verb:set package 'ur_project_bringup' build argument 'cmake_clean_cache' from command line to 'False'
[1.087s] Level 5:colcon.colcon_core.verb:set package 'ur_project_bringup' build argument 'cmake_clean_first' from command line to 'False'
[1.087s] Level 5:colcon.colcon_core.verb:set package 'ur_project_bringup' build argument 'cmake_force_configure' from command line to 'False'
[1.087s] Level 5:colcon.colcon_core.verb:set package 'ur_project_bringup' build argument 'ament_cmake_args' from command line to 'None'
[1.087s] Level 5:colcon.colcon_core.verb:set package 'ur_project_bringup' build argument 'catkin_cmake_args' from command line to 'None'
[1.087s] Level 5:colcon.colcon_core.verb:set package 'ur_project_bringup' build argument 'catkin_skip_building_tests' from command line to 'False'
[1.087s] DEBUG:colcon.colcon_core.verb:Building package 'ur_project_bringup' with the following arguments: {'ament_cmake_args': None, 'build_base': '/home/fillipg/UR-Prosjekt/build/ur_project_bringup', 'catkin_cmake_args': None, 'catkin_skip_building_tests': False, 'cmake_args': None, 'cmake_clean_cache': False, 'cmake_clean_first': False, 'cmake_force_configure': False, 'cmake_target': None, 'cmake_target_skip_unavailable': False, 'install_base': '/home/fillipg/UR-Prosjekt/install/ur_project_bringup', 'merge_install': False, 'path': '/home/fillipg/UR-Prosjekt/src/ur_project_bringup', 'symlink_install': True, 'test_result_base': None}
[1.087s] INFO:colcon.colcon_core.executor:Executing jobs using 'parallel' executor
[1.089s] DEBUG:colcon.colcon_parallel_executor.executor.parallel:run_until_complete
[1.090s] INFO:colcon.colcon_ros.task.ament_python.build:Building ROS package in '/home/fillipg/UR-Prosjekt/src/cube_vision' with build type 'ament_python'
[1.091s] Level 1:colcon.colcon_core.shell:create_environment_hook('cube_vision', 'ament_prefix_path')
[1.102s] INFO:colcon.colcon_core.plugin_system:Skipping extension 'colcon_core.shell.bat': Not used on non-Windows systems
[1.102s] INFO:colcon.colcon_core.shell:Creating environment hook '/home/fillipg/UR-Prosjekt/install/cube_vision/share/cube_vision/hook/ament_prefix_path.ps1'
[1.109s] INFO:colcon.colcon_core.shell:Creating environment descriptor '/home/fillipg/UR-Prosjekt/install/cube_vision/share/cube_vision/hook/ament_prefix_path.dsv'
[1.110s] INFO:colcon.colcon_core.shell:Creating environment hook '/home/fillipg/UR-Prosjekt/install/cube_vision/share/cube_vision/hook/ament_prefix_path.sh'
[1.111s] INFO:colcon.colcon_core.shell:Skip shell extension 'powershell' for command environment: Not usable outside of PowerShell
[1.111s] DEBUG:colcon.colcon_core.shell:Skip shell extension 'dsv' for command environment
[1.120s] INFO:colcon.colcon_ros.task.ament_python.build:Building ROS package in '/home/fillipg/UR-Prosjekt/src/robot_control' with build type 'ament_python'
[1.120s] Level 1:colcon.colcon_core.shell:create_environment_hook('robot_control', 'ament_prefix_path')
[1.123s] INFO:colcon.colcon_core.shell:Creating environment hook '/home/fillipg/UR-Prosjekt/install/robot_control/share/robot_control/hook/ament_prefix_path.ps1'
[1.129s] INFO:colcon.colcon_core.shell:Creating environment descriptor '/home/fillipg/UR-Prosjekt/install/robot_control/share/robot_control/hook/ament_prefix_path.dsv'
[1.129s] INFO:colcon.colcon_core.shell:Creating environment hook '/home/fillipg/UR-Prosjekt/install/robot_control/share/robot_control/hook/ament_prefix_path.sh'
[1.130s] INFO:colcon.colcon_core.shell:Skip shell extension 'powershell' for command environment: Not usable outside of PowerShell
[1.130s] DEBUG:colcon.colcon_core.shell:Skip shell extension 'dsv' for command environment
[1.137s] INFO:colcon.colcon_ros.task.ament_cmake.build:Building ROS package in '/home/fillipg/UR-Prosjekt/src/ur_project_bringup' with build type 'ament_cmake'
[1.137s] INFO:colcon.colcon_cmake.task.cmake.build:Building CMake package in '/home/fillipg/UR-Prosjekt/src/ur_project_bringup'
[1.138s] INFO:colcon.colcon_core.shell:Skip shell extension 'powershell' for command environment: Not usable outside of PowerShell
[1.138s] DEBUG:colcon.colcon_core.shell:Skip shell extension 'dsv' for command environment
[0.888s] INFO:colcon.colcon_core.task.python.build:Building Python package in '/home/fillipg/UR-Prosjekt/src/cube_vision'
[0.888s] INFO:colcon.colcon_core.shell:Skip shell extension 'powershell' for command environment: Not usable outside of PowerShell
[0.888s] DEBUG:colcon.colcon_core.shell:Skip shell extension 'dsv' for command environment
[1.417s] INFO:colcon.colcon_core.task.python.build:Building Python package in '/home/fillipg/UR-Prosjekt/src/robot_control'
[1.417s] INFO:colcon.colcon_core.shell:Skip shell extension 'powershell' for command environment: Not usable outside of PowerShell
[1.417s] DEBUG:colcon.colcon_core.shell:Skip shell extension 'dsv' for command environment
[1.443s] DEBUG:colcon.colcon_core.event_handler.log_command:Invoking command in '/home/fillipg/UR-Prosjekt/build/ur_project_bringup': CMAKE_PREFIX_PATH=${CMAKE_PREFIX_PATH}:/home/fillipg/AIS2105_ws/install/reference_input:/home/fillipg/AIS2105_ws/install/qube_description:/home/fillipg/AIS2105_ws/install/qube_controller:/home/fillipg/AIS2105_ws/install/qube_bringup:/home/fillipg/AIS2105_ws/install/joint_simulator:/opt/ros/jazzy DEBUGINFOD_URLS=https://debuginfod.ubuntu.com /usr/bin/cmake /home/fillipg/UR-Prosjekt/src/ur_project_bringup -DAMENT_CMAKE_SYMLINK_INSTALL=1 -DCMAKE_INSTALL_PREFIX=/home/fillipg/UR-Prosjekt/install/ur_project_bringup
[3.894s] DEBUG:colcon.colcon_core.event_handler.log_command:Invoking command in '/home/fillipg/UR-Prosjekt/build/cube_vision': DEBUGINFOD_URLS=https://debuginfod.ubuntu.com PYTHONPATH=/home/fillipg/UR-Prosjekt/build/cube_vision/prefix_override:/usr/lib/python3/dist-packages/colcon_core/task/python/colcon_distutils_commands:/home/fillipg/UR-Prosjekt/install/cube_vision/lib/python3.12/site-packages:${PYTHONPATH} /usr/bin/python3 -W ignore:setup.py install is deprecated -W ignore:easy_install command is deprecated setup.py develop --editable --build-directory /home/fillipg/UR-Prosjekt/build/cube_vision/build --no-deps symlink_data
[3.900s] DEBUG:colcon.colcon_core.event_handler.log_command:Invoking command in '/home/fillipg/UR-Prosjekt/build/robot_control': DEBUGINFOD_URLS=https://debuginfod.ubuntu.com PYTHONPATH=/home/fillipg/UR-Prosjekt/build/robot_control/prefix_override:/usr/lib/python3/dist-packages/colcon_core/task/python/colcon_distutils_commands:/home/fillipg/UR-Prosjekt/install/robot_control/lib/python3.12/site-packages:${PYTHONPATH} /usr/bin/python3 -W ignore:setup.py install is deprecated -W ignore:easy_install command is deprecated setup.py develop --editable --build-directory /home/fillipg/UR-Prosjekt/build/robot_control/build --no-deps symlink_data
[5.048s] Level 1:colcon.colcon_core.shell:create_environment_hook('cube_vision', 'pythonpath_develop')
[5.049s] INFO:colcon.colcon_core.shell:Creating environment hook '/home/fillipg/UR-Prosjekt/build/cube_vision/share/cube_vision/hook/pythonpath_develop.ps1'
[5.049s] DEBUG:colcon.colcon_core.event_handler.log_command:Invoked command in '/home/fillipg/UR-Prosjekt/build/cube_vision' returned '0': DEBUGINFOD_URLS=https://debuginfod.ubuntu.com PYTHONPATH=/home/fillipg/UR-Prosjekt/build/cube_vision/prefix_override:/usr/lib/python3/dist-packages/colcon_core/task/python/colcon_distutils_commands:/home/fillipg/UR-Prosjekt/install/cube_vision/lib/python3.12/site-packages:${PYTHONPATH} /usr/bin/python3 -W ignore:setup.py install is deprecated -W ignore:easy_install command is deprecated setup.py develop --editable --build-directory /home/fillipg/UR-Prosjekt/build/cube_vision/build --no-deps symlink_data
[5.053s] INFO:colcon.colcon_core.shell:Creating environment descriptor '/home/fillipg/UR-Prosjekt/build/cube_vision/share/cube_vision/hook/pythonpath_develop.dsv'
[5.054s] INFO:colcon.colcon_core.shell:Creating environment hook '/home/fillipg/UR-Prosjekt/build/cube_vision/share/cube_vision/hook/pythonpath_develop.sh'
[5.072s] Level 1:colcon.colcon_core.environment:checking '/home/fillipg/UR-Prosjekt/install/cube_vision' for CMake module files
[5.073s] Level 1:colcon.colcon_core.environment:checking '/home/fillipg/UR-Prosjekt/install/cube_vision' for CMake config files
[5.074s] Level 1:colcon.colcon_core.environment:checking '/home/fillipg/UR-Prosjekt/install/cube_vision/lib'
[5.074s] Level 1:colcon.colcon_core.environment:checking '/home/fillipg/UR-Prosjekt/install/cube_vision/bin'
[5.074s] Level 1:colcon.colcon_core.environment:checking '/home/fillipg/UR-Prosjekt/install/cube_vision/lib/pkgconfig/cube_vision.pc'
[5.075s] Level 1:colcon.colcon_core.environment:checking '/home/fillipg/UR-Prosjekt/install/cube_vision/lib/python3.12/site-packages'
[5.075s] Level 1:colcon.colcon_core.shell:create_environment_hook('cube_vision', 'pythonpath')
[5.075s] INFO:colcon.colcon_core.shell:Creating environment hook '/home/fillipg/UR-Prosjekt/install/cube_vision/share/cube_vision/hook/pythonpath.ps1'
[5.076s] INFO:colcon.colcon_core.shell:Creating environment descriptor '/home/fillipg/UR-Prosjekt/install/cube_vision/share/cube_vision/hook/pythonpath.dsv'
[5.077s] INFO:colcon.colcon_core.shell:Creating environment hook '/home/fillipg/UR-Prosjekt/install/cube_vision/share/cube_vision/hook/pythonpath.sh'
[5.078s] Level 1:colcon.colcon_core.environment:checking '/home/fillipg/UR-Prosjekt/install/cube_vision/bin'
[5.078s] Level 1:colcon.colcon_core.environment:create_environment_scripts_only(cube_vision)
[5.079s] INFO:colcon.colcon_core.shell:Creating package script '/home/fillipg/UR-Prosjekt/install/cube_vision/share/cube_vision/package.ps1'
[5.081s] INFO:colcon.colcon_core.shell:Creating package descriptor '/home/fillipg/UR-Prosjekt/install/cube_vision/share/cube_vision/package.dsv'
[5.082s] INFO:colcon.colcon_core.shell:Creating package script '/home/fillipg/UR-Prosjekt/install/cube_vision/share/cube_vision/package.sh'
[5.083s] INFO:colcon.colcon_core.shell:Creating package script '/home/fillipg/UR-Prosjekt/install/cube_vision/share/cube_vision/package.bash'
[5.085s] INFO:colcon.colcon_core.shell:Creating package script '/home/fillipg/UR-Prosjekt/install/cube_vision/share/cube_vision/package.zsh'
[5.088s] Level 1:colcon.colcon_core.environment:create_file_with_runtime_dependencies(/home/fillipg/UR-Prosjekt/install/cube_vision/share/colcon-core/packages/cube_vision)
[5.092s] Level 1:colcon.colcon_core.shell:create_environment_hook('robot_control', 'pythonpath_develop')
[5.093s] INFO:colcon.colcon_core.shell:Creating environment hook '/home/fillipg/UR-Prosjekt/build/robot_control/share/robot_control/hook/pythonpath_develop.ps1'
[5.094s] DEBUG:colcon.colcon_core.event_handler.log_command:Invoked command in '/home/fillipg/UR-Prosjekt/build/robot_control' returned '0': DEBUGINFOD_URLS=https://debuginfod.ubuntu.com PYTHONPATH=/home/fillipg/UR-Prosjekt/build/robot_control/prefix_override:/usr/lib/python3/dist-packages/colcon_core/task/python/colcon_distutils_commands:/home/fillipg/UR-Prosjekt/install/robot_control/lib/python3.12/site-packages:${PYTHONPATH} /usr/bin/python3 -W ignore:setup.py install is deprecated -W ignore:easy_install command is deprecated setup.py develop --editable --build-directory /home/fillipg/UR-Prosjekt/build/robot_control/build --no-deps symlink_data
[5.098s] INFO:colcon.colcon_core.shell:Creating environment descriptor '/home/fillipg/UR-Prosjekt/build/robot_control/share/robot_control/hook/pythonpath_develop.dsv'
[5.098s] INFO:colcon.colcon_core.shell:Creating environment hook '/home/fillipg/UR-Prosjekt/build/robot_control/share/robot_control/hook/pythonpath_develop.sh'
[5.099s] Level 1:colcon.colcon_core.environment:checking '/home/fillipg/UR-Prosjekt/install/robot_control' for CMake module files
[5.100s] Level 1:colcon.colcon_core.environment:checking '/home/fillipg/UR-Prosjekt/install/robot_control' for CMake config files
[5.101s] Level 1:colcon.colcon_core.environment:checking '/home/fillipg/UR-Prosjekt/install/robot_control/lib'
[5.101s] Level 1:colcon.colcon_core.environment:checking '/home/fillipg/UR-Prosjekt/install/robot_control/bin'
[5.101s] Level 1:colcon.colcon_core.environment:checking '/home/fillipg/UR-Prosjekt/install/robot_control/lib/pkgconfig/robot_control.pc'
[5.101s] Level 1:colcon.colcon_core.environment:checking '/home/fillipg/UR-Prosjekt/install/robot_control/lib/python3.12/site-packages'
[5.101s] Level 1:colcon.colcon_core.shell:create_environment_hook('robot_control', 'pythonpath')
[5.101s] INFO:colcon.colcon_core.shell:Creating environment hook '/home/fillipg/UR-Prosjekt/install/robot_control/share/robot_control/hook/pythonpath.ps1'
[5.102s] INFO:colcon.colcon_core.shell:Creating environment descriptor '/home/fillipg/UR-Prosjekt/install/robot_control/share/robot_control/hook/pythonpath.dsv'
[5.103s] INFO:colcon.colcon_core.shell:Creating environment hook '/home/fillipg/UR-Prosjekt/install/robot_control/share/robot_control/hook/pythonpath.sh'
[5.104s] Level 1:colcon.colcon_core.environment:checking '/home/fillipg/UR-Prosjekt/install/robot_control/bin'
[5.105s] Level 1:colcon.colcon_core.environment:create_environment_scripts_only(robot_control)
[5.105s] INFO:colcon.colcon_core.shell:Creating package script '/home/fillipg/UR-Prosjekt/install/robot_control/share/robot_control/package.ps1'
[5.106s] INFO:colcon.colcon_core.shell:Creating package descriptor '/home/fillipg/UR-Prosjekt/install/robot_control/share/robot_control/package.dsv'
[5.107s] INFO:colcon.colcon_core.shell:Creating package script '/home/fillipg/UR-Prosjekt/install/robot_control/share/robot_control/package.sh'
[5.108s] INFO:colcon.colcon_core.shell:Creating package script '/home/fillipg/UR-Prosjekt/install/robot_control/share/robot_control/package.bash'
[5.109s] INFO:colcon.colcon_core.shell:Creating package script '/home/fillipg/UR-Prosjekt/install/robot_control/share/robot_control/package.zsh'
[5.110s] Level 1:colcon.colcon_core.environment:create_file_with_runtime_dependencies(/home/fillipg/UR-Prosjekt/install/robot_control/share/colcon-core/packages/robot_control)
[8.193s] DEBUG:colcon.colcon_core.event_handler.log_command:Invoked command in '/home/fillipg/UR-Prosjekt/build/ur_project_bringup' returned '1': CMAKE_PREFIX_PATH=${CMAKE_PREFIX_PATH}:/home/fillipg/AIS2105_ws/install/reference_input:/home/fillipg/AIS2105_ws/install/qube_description:/home/fillipg/AIS2105_ws/install/qube_controller:/home/fillipg/AIS2105_ws/install/qube_bringup:/home/fillipg/AIS2105_ws/install/joint_simulator:/opt/ros/jazzy DEBUGINFOD_URLS=https://debuginfod.ubuntu.com /usr/bin/cmake /home/fillipg/UR-Prosjekt/src/ur_project_bringup -DAMENT_CMAKE_SYMLINK_INSTALL=1 -DCMAKE_INSTALL_PREFIX=/home/fillipg/UR-Prosjekt/install/ur_project_bringup
[8.224s] Level 1:colcon.colcon_core.environment:create_environment_scripts_only(ur_project_bringup)
[8.224s] Level 1:colcon.colcon_core.environment:checking '/home/fillipg/UR-Prosjekt/install/ur_project_bringup' for CMake module files
[8.224s] Level 1:colcon.colcon_core.environment:checking '/home/fillipg/UR-Prosjekt/install/ur_project_bringup' for CMake config files
[8.225s] Level 1:colcon.colcon_core.environment:checking '/home/fillipg/UR-Prosjekt/install/ur_project_bringup/bin'
[8.225s] Level 1:colcon.colcon_core.environment:checking '/home/fillipg/UR-Prosjekt/install/ur_project_bringup/lib/pkgconfig/ur_project_bringup.pc'
[8.225s] Level 1:colcon.colcon_core.environment:checking '/home/fillipg/UR-Prosjekt/install/ur_project_bringup/lib/python3.12/site-packages'
[8.225s] Level 1:colcon.colcon_core.environment:checking '/home/fillipg/UR-Prosjekt/install/ur_project_bringup/bin'
[8.225s] INFO:colcon.colcon_core.shell:Creating package script '/home/fillipg/UR-Prosjekt/install/ur_project_bringup/share/ur_project_bringup/package.ps1'
[8.228s] INFO:colcon.colcon_core.shell:Creating package descriptor '/home/fillipg/UR-Prosjekt/install/ur_project_bringup/share/ur_project_bringup/package.dsv'
[8.229s] INFO:colcon.colcon_core.shell:Creating package script '/home/fillipg/UR-Prosjekt/install/ur_project_bringup/share/ur_project_bringup/package.sh'
[8.230s] INFO:colcon.colcon_core.shell:Creating package script '/home/fillipg/UR-Prosjekt/install/ur_project_bringup/share/ur_project_bringup/package.bash'
[8.231s] INFO:colcon.colcon_core.shell:Creating package script '/home/fillipg/UR-Prosjekt/install/ur_project_bringup/share/ur_project_bringup/package.zsh'
[8.231s] Level 1:colcon.colcon_core.environment:create_file_with_runtime_dependencies(/home/fillipg/UR-Prosjekt/install/ur_project_bringup/share/colcon-core/packages/ur_project_bringup)
[8.244s] DEBUG:colcon.colcon_parallel_executor.executor.parallel:closing loop
[8.244s] DEBUG:colcon.colcon_parallel_executor.executor.parallel:loop closed
[8.244s] DEBUG:colcon.colcon_parallel_executor.executor.parallel:run_until_complete finished with '1'
[8.244s] DEBUG:colcon.colcon_core.event_reactor:joining thread
[8.325s] INFO:colcon.colcon_core.plugin_system:Skipping extension 'colcon_notification.desktop_notification.notify_send': Could not find 'notify-send'
[8.325s] INFO:colcon.colcon_core.plugin_system:Skipping extension 'colcon_notification.desktop_notification.terminal_notifier': Not used on non-Darwin systems
[8.325s] INFO:colcon.colcon_core.plugin_system:Skipping extension 'colcon_notification.desktop_notification.win32': Not used on non-Windows systems
[8.325s] INFO:colcon.colcon_notification.desktop_notification:Sending desktop notification using 'notify2'
[8.383s] DEBUG:colcon.colcon_notification.desktop_notification.notify2:Failed to initialize notify2: org.freedesktop.DBus.Error.ServiceUnknown: The name org.freedesktop.Notifications was not provided by any .service files
[8.384s] DEBUG:colcon.colcon_core.event_reactor:joined thread
[8.384s] INFO:colcon.colcon_core.shell:Creating prefix script '/home/fillipg/UR-Prosjekt/install/local_setup.ps1'
[8.386s] INFO:colcon.colcon_core.shell:Creating prefix util module '/home/fillipg/UR-Prosjekt/install/_local_setup_util_ps1.py'
[8.387s] INFO:colcon.colcon_core.shell:Creating prefix chain script '/home/fillipg/UR-Prosjekt/install/setup.ps1'
[8.390s] INFO:colcon.colcon_core.shell:Creating prefix script '/home/fillipg/UR-Prosjekt/install/local_setup.sh'
[8.391s] INFO:colcon.colcon_core.shell:Creating prefix util module '/home/fillipg/UR-Prosjekt/install/_local_setup_util_sh.py'
[8.393s] INFO:colcon.colcon_core.shell:Creating prefix chain script '/home/fillipg/UR-Prosjekt/install/setup.sh'
[8.396s] INFO:colcon.colcon_core.shell:Creating prefix script '/home/fillipg/UR-Prosjekt/install/local_setup.bash'
[8.397s] INFO:colcon.colcon_core.shell:Creating prefix chain script '/home/fillipg/UR-Prosjekt/install/setup.bash'
[8.400s] INFO:colcon.colcon_core.shell:Creating prefix script '/home/fillipg/UR-Prosjekt/install/local_setup.zsh'
[8.401s] INFO:colcon.colcon_core.shell:Creating prefix chain script '/home/fillipg/UR-Prosjekt/install/setup.zsh'
